<?xml version="1.0" encoding="UTF-8"?>
<testsuite name="TestIntroduction" tests="1" skipped="0" failures="0" errors="0" timestamp="2020-11-30T23:05:22" hostname="Caspers-MBP.home" time="0.026">
  <properties/>
  <testcase name="testSetOfCustomers" classname="TestIntroduction" time="0.026"/>
  <system-out><![CDATA[]]></system-out>
  <system-err><![CDATA[]]></system-err>
</testsuite>
