<?xml version="1.0" encoding="UTF-8"?>
<testsuite name="TestTheFunctionWith" tests="2" skipped="0" failures="0" errors="0" timestamp="2020-12-02T22:17:22" hostname="Caspers-MBP.home" time="0.004">
  <properties/>
  <testcase name="testCreateString" classname="TestTheFunctionWith" time="0.004"/>
  <testcase name="testCreateMap" classname="TestTheFunctionWith" time="0.0"/>
  <system-out><![CDATA[]]></system-out>
  <system-err><![CDATA[]]></system-err>
</testsuite>
