<?xml version="1.0" encoding="UTF-8"?>
<testsuite name="TestNamedArguments" tests="1" skipped="0" failures="0" errors="0" timestamp="2020-11-27T23:03:12" hostname="Caspers-MBP.home" time="0.022">
  <properties/>
  <testcase name="testJoinToString" classname="TestNamedArguments" time="0.022"/>
  <system-out><![CDATA[]]></system-out>
  <system-err><![CDATA[]]></system-err>
</testsuite>
