<?xml version="1.0" encoding="UTF-8"?>
<testsuite name="TestDataClasses" tests="2" skipped="0" failures="0" errors="0" timestamp="2020-11-27T23:31:29" hostname="Caspers-MBP.home" time="0.014">
  <properties/>
  <testcase name="testComparePeople" classname="TestDataClasses" time="0.003"/>
  <testcase name="testListOfPeople" classname="TestDataClasses" time="0.011"/>
  <system-out><![CDATA[]]></system-out>
  <system-err><![CDATA[]]></system-err>
</testsuite>
