<?xml version="1.0" encoding="UTF-8"?>
<testsuite name="TestComparison" tests="2" skipped="0" failures="0" errors="0" timestamp="2020-11-30T22:01:12" hostname="Caspers-MBP.home" time="0.005">
  <properties/>
  <testcase name="testAfter" classname="TestComparison" time="0.005"/>
  <testcase name="testBefore" classname="TestComparison" time="0.0"/>
  <system-out><![CDATA[]]></system-out>
  <system-err><![CDATA[]]></system-err>
</testsuite>
