<?xml version="1.0" encoding="UTF-8"?>
<testsuite name="TestSum" tests="2" skipped="0" failures="0" errors="0" timestamp="2020-12-01T21:14:50" hostname="Caspers-MBP.home" time="0.032">
  <properties/>
  <testcase name="testGetTotalOrderPrice" classname="TestSum" time="0.032"/>
  <testcase name="testGetTotalOrderPrice1" classname="TestSum" time="0.0"/>
  <system-out><![CDATA[]]></system-out>
  <system-err><![CDATA[]]></system-err>
</testsuite>
