<?xml version="1.0" encoding="UTF-8"?>
<testsuite name="TestHtmlBuilders" tests="2" skipped="0" failures="0" errors="0" timestamp="2020-12-02T22:18:31" hostname="Caspers-MBP.home" time="0.04">
  <properties/>
  <testcase name="productTableIsColored" classname="TestHtmlBuilders" time="0.038"/>
  <testcase name="productTableIsFilled" classname="TestHtmlBuilders" time="0.002"/>
  <system-out><![CDATA[]]></system-out>
  <system-err><![CDATA[]]></system-err>
</testsuite>
