<?xml version="1.0" encoding="UTF-8"?>
<testsuite name="HtmlDslTest" tests="3" skipped="0" failures="0" errors="0" timestamp="2020-12-02T22:20:48" hostname="Caspers-MBP.home" time="0.018">
  <properties/>
  <testcase name="testSample" classname="HtmlDslTest" time="0.016"/>
  <testcase name="testTable1" classname="HtmlDslTest" time="0.001"/>
  <testcase name="testTable2" classname="HtmlDslTest" time="0.001"/>
  <system-out><![CDATA[]]></system-out>
  <system-err><![CDATA[]]></system-err>
</testsuite>
