<?xml version="1.0" encoding="UTF-8"?>
<testsuite name="TestLambdas" tests="2" skipped="0" failures="0" errors="0" timestamp="2020-11-27T23:27:16" hostname="Caspers-MBP.home" time="0.014">
  <properties/>
  <testcase name="contains" classname="TestLambdas" time="0.014"/>
  <testcase name="notContains" classname="TestLambdas" time="0.0"/>
  <system-out><![CDATA[]]></system-out>
  <system-err><![CDATA[]]></system-err>
</testsuite>
