<?xml version="1.0" encoding="UTF-8"?>
<testsuite name="TestExtensionFunctionLiterals" tests="1" skipped="0" failures="0" errors="0" timestamp="2020-12-02T22:12:49" hostname="Caspers-MBP.home" time="0.016">
  <properties/>
  <testcase name="testIsOddAndIsEven" classname="TestExtensionFunctionLiterals" time="0.016"/>
  <system-out><![CDATA[]]></system-out>
  <system-err><![CDATA[]]></system-err>
</testsuite>
