<?xml version="1.0" encoding="UTF-8"?>
<testsuite name="TestForLoop" tests="2" skipped="0" failures="0" errors="0" timestamp="2020-11-30T22:22:53" hostname="Caspers-MBP.home" time="0.013">
  <properties/>
  <testcase name="testIterateOverDateRange" classname="TestForLoop" time="0.012"/>
  <testcase name="testIterateOverEmptyRange" classname="TestForLoop" time="0.001"/>
  <system-out><![CDATA[]]></system-out>
  <system-err><![CDATA[]]></system-err>
</testsuite>
