<?xml version="1.0" encoding="UTF-8"?>
<testsuite name="K_Compound_Tasks" tests="2" skipped="0" failures="0" errors="0" timestamp="2020-12-02T00:35:18" hostname="Caspers-MBP.home" time="0.053">
  <properties/>
  <testcase name="testNumberOfTimesEachProductWasOrdered" classname="K_Compound_Tasks" time="0.05"/>
  <testcase name="testMostExpensiveDeliveredProduct" classname="K_Compound_Tasks" time="0.003"/>
  <system-out><![CDATA[]]></system-out>
  <system-err><![CDATA[]]></system-err>
</testsuite>
