<?xml version="1.0" encoding="UTF-8"?>
<testsuite name="TestGroupBy" tests="1" skipped="0" failures="0" errors="0" timestamp="2020-12-01T23:11:34" hostname="Caspers-MBP.home" time="0.029">
  <properties/>
  <testcase name="testGroupCustomersByCity" classname="TestGroupBy" time="0.029"/>
  <system-out><![CDATA[]]></system-out>
  <system-err><![CDATA[]]></system-err>
</testsuite>
